This file contains any messages produced by compilers while
running configure, to aid debugging if configure makes a mistake.

It was created by gri configure 2.12.20, which was
generated by GNU Autoconf 2.61.  Invocation command line was

  $ ./configure 

## --------- ##
## Platform. ##
## --------- ##

hostname = bosley
uname -m = i686
uname -r = 2.6.26-1-686
uname -s = Linux
uname -v = #1 SMP Fri Mar 13 18:08:45 UTC 2009

/usr/bin/uname -p = unknown
/bin/uname -X     = unknown

/bin/arch              = unknown
/usr/bin/arch -k       = unknown
/usr/convex/getsysinfo = unknown
/usr/bin/hostinfo      = unknown
/bin/machine           = unknown
/usr/bin/oslevel       = unknown
/bin/universe          = unknown

PATH: /bin
PATH: /usr/bin
PATH: /soft/intel/java/bin
PATH: /opt/bin
PATH: /usr/local/bin
PATH: /usr/bin
PATH: /bin
PATH: /usr/bin/X11
PATH: /usr/games
PATH: /user/fox/bin
PATH: .
PATH: /var/lib/gems/1.8/bin/


## ----------- ##
## Core tests. ##
## ----------- ##

configure:1822: checking for a BSD-compatible install
configure:1878: result: /usr/bin/install -c
configure:1889: checking whether build environment is sane
configure:1932: result: yes
configure:1960: checking for a thread-safe mkdir -p
configure:1999: result: /bin/mkdir -p
configure:2012: checking for gawk
configure:2028: found /usr/bin/gawk
configure:2039: result: gawk
configure:2050: checking whether make sets $(MAKE)
configure:2071: result: yes
configure:2265: checking build system type
configure:2283: result: i686-pc-linux-gnu
configure:2305: checking host system type
configure:2320: result: i686-pc-linux-gnu
configure:2385: checking for ranlib
configure:2401: found /usr/bin/ranlib
configure:2412: result: ranlib
configure:2451: checking for a BSD-compatible install
configure:2507: result: /usr/bin/install -c
configure:2518: checking whether make sets $(MAKE)
configure:2539: result: yes
configure:2601: checking for gcc
configure:2617: found /usr/bin/gcc
configure:2628: result: gcc
configure:2866: checking for C compiler version
configure:2873: gcc --version >&5
gcc (Debian 4.3.2-1.1) 4.3.2
Copyright (C) 2008 Free Software Foundation, Inc.
This is free software; see the source for copying conditions.  There is NO
warranty; not even for MERCHANTABILITY or FITNESS FOR A PARTICULAR PURPOSE.

configure:2876: $? = 0
configure:2883: gcc -v >&5
Using built-in specs.
Target: i486-linux-gnu
Configured with: ../src/configure -v --with-pkgversion='Debian 4.3.2-1.1' --with-bugurl=file:///usr/share/doc/gcc-4.3/README.Bugs --enable-languages=c,c++,fortran,objc,obj-c++ --prefix=/usr --enable-shared --with-system-zlib --libexecdir=/usr/lib --without-included-gettext --enable-threads=posix --enable-nls --with-gxx-include-dir=/usr/include/c++/4.3 --program-suffix=-4.3 --enable-clocale=gnu --enable-libstdcxx-debug --enable-objc-gc --enable-mpfr --enable-targets=all --enable-cld --enable-checking=release --build=i486-linux-gnu --host=i486-linux-gnu --target=i486-linux-gnu
Thread model: posix
gcc version 4.3.2 (Debian 4.3.2-1.1) 
configure:2886: $? = 0
configure:2893: gcc -V >&5
gcc: '-V' option must have argument
configure:2896: $? = 1
configure:2919: checking for C compiler default output file name
configure:2946: gcc    conftest.c  >&5
configure:2949: $? = 0
configure:2987: result: a.out
configure:3004: checking whether the C compiler works
configure:3014: ./a.out
configure:3017: $? = 0
configure:3034: result: yes
configure:3041: checking whether we are cross compiling
configure:3043: result: no
configure:3046: checking for suffix of executables
configure:3053: gcc -o conftest    conftest.c  >&5
configure:3056: $? = 0
configure:3080: result: 
configure:3086: checking for suffix of object files
configure:3112: gcc -c   conftest.c >&5
configure:3115: $? = 0
configure:3138: result: o
configure:3142: checking whether we are using the GNU C compiler
configure:3171: gcc -c   conftest.c >&5
configure:3177: $? = 0
configure:3194: result: yes
configure:3199: checking whether gcc accepts -g
configure:3229: gcc -c -g  conftest.c >&5
configure:3235: $? = 0
configure:3334: result: yes
configure:3351: checking for gcc option to accept ISO C89
configure:3425: gcc  -c -g -O2  conftest.c >&5
configure:3431: $? = 0
configure:3454: result: none needed
configure:3483: checking for style of include used by make
configure:3511: result: GNU
configure:3536: checking dependency style of gcc
configure:3627: result: gcc3
configure:3700: checking for g++
configure:3716: found /usr/bin/g++
configure:3727: result: g++
configure:3758: checking for C++ compiler version
configure:3765: g++ --version >&5
g++ (Debian 4.3.2-1.1) 4.3.2
Copyright (C) 2008 Free Software Foundation, Inc.
This is free software; see the source for copying conditions.  There is NO
warranty; not even for MERCHANTABILITY or FITNESS FOR A PARTICULAR PURPOSE.

configure:3768: $? = 0
configure:3775: g++ -v >&5
Using built-in specs.
Target: i486-linux-gnu
Configured with: ../src/configure -v --with-pkgversion='Debian 4.3.2-1.1' --with-bugurl=file:///usr/share/doc/gcc-4.3/README.Bugs --enable-languages=c,c++,fortran,objc,obj-c++ --prefix=/usr --enable-shared --with-system-zlib --libexecdir=/usr/lib --without-included-gettext --enable-threads=posix --enable-nls --with-gxx-include-dir=/usr/include/c++/4.3 --program-suffix=-4.3 --enable-clocale=gnu --enable-libstdcxx-debug --enable-objc-gc --enable-mpfr --enable-targets=all --enable-cld --enable-checking=release --build=i486-linux-gnu --host=i486-linux-gnu --target=i486-linux-gnu
Thread model: posix
gcc version 4.3.2 (Debian 4.3.2-1.1) 
configure:3778: $? = 0
configure:3785: g++ -V >&5
g++: '-V' option must have argument
configure:3788: $? = 1
configure:3791: checking whether we are using the GNU C++ compiler
configure:3820: g++ -c   conftest.cpp >&5
configure:3826: $? = 0
configure:3843: result: yes
configure:3848: checking whether g++ accepts -g
configure:3878: g++ -c -g  conftest.cpp >&5
configure:3884: $? = 0
configure:3983: result: yes
configure:4008: checking dependency style of g++
configure:4099: result: gcc3
configure:4119: checking how to run the C++ preprocessor
configure:4155: g++ -E  conftest.cpp
configure:4161: $? = 0
configure:4192: g++ -E  conftest.cpp
conftest.cpp:10:28: error: ac_nonexistent.h: No such file or directory
configure:4198: $? = 1
configure: failed program was:
| /* confdefs.h.  */
| #define PACKAGE_NAME "gri"
| #define PACKAGE_TARNAME "gri"
| #define PACKAGE_VERSION "2.12.20"
| #define PACKAGE_STRING "gri 2.12.20"
| #define PACKAGE_BUGREPORT ""
| #define PACKAGE "gri"
| #define VERSION "2.12.20"
| /* end confdefs.h.  */
| #include <ac_nonexistent.h>
configure:4231: result: g++ -E
configure:4260: g++ -E  conftest.cpp
configure:4266: $? = 0
configure:4297: g++ -E  conftest.cpp
conftest.cpp:10:28: error: ac_nonexistent.h: No such file or directory
configure:4303: $? = 1
configure: failed program was:
| /* confdefs.h.  */
| #define PACKAGE_NAME "gri"
| #define PACKAGE_TARNAME "gri"
| #define PACKAGE_VERSION "2.12.20"
| #define PACKAGE_STRING "gri 2.12.20"
| #define PACKAGE_BUGREPORT ""
| #define PACKAGE "gri"
| #define VERSION "2.12.20"
| /* end confdefs.h.  */
| #include <ac_nonexistent.h>
configure:4347: checking for old C++ subroutine called string::remove
configure:4381: g++ -c -g -O2  conftest.cpp >&5
conftest.cpp: In function 'int main()':
conftest.cpp:18: error: 'string' was not declared in this scope
conftest.cpp:18: error: expected `;' before 's'
conftest.cpp:19: error: 's' was not declared in this scope
configure:4387: $? = 1
configure: failed program was:
| /* confdefs.h.  */
| #define PACKAGE_NAME "gri"
| #define PACKAGE_TARNAME "gri"
| #define PACKAGE_VERSION "2.12.20"
| #define PACKAGE_STRING "gri 2.12.20"
| #define PACKAGE_BUGREPORT ""
| #define PACKAGE "gri"
| #define VERSION "2.12.20"
| /* end confdefs.h.  */
| 
| #define _POSIX_SOURCE 1
| #include <string>
| 
| int
| main ()
| {
| 
| string s("hi");
| s.remove(0,1);
| 
|   ;
|   return 0;
| }
configure:4403: result: no
configure:4413: checking for gcc compiler
configure:4416: checking for grep that handles long lines and -e
configure:4490: result: /bin/grep
configure:4495: checking for egrep
configure:4573: result: /bin/grep -E
configure:4603: result: yes
configure:4607: checking for C++ compiler with new headers as of August 2002
configure:4635: result: yes
configure:4640: checking for DEC cxx compiler
configure:4667: result: no
configure:4676: checking for DEC alpha computer
configure:4703: result: no
configure:4713: checking for BeOS environment
configure:4740: result: no
configure:4750: checking for FreeBSD system
configure:4777: result: no
configure:4787: checking for OPENBSD system
configure:4814: result: no
configure:4825: checking for HPUX environment
configure:4852: result: no
configure:4863: checking for NetBSD system
configure:4890: result: no
configure:4900: checking for for Sun Microsystems computer
configure:4927: result: no
configure:4937: checking for for IBM AIX computer with IBM compiler
configure:4964: result: no
configure:4975: checking for for mingw32 system
configure:5002: result: no
configure:5012: checking to see whether this machine is big endian or little endian
configure:5051: gcc -o conftest -g -O2   conftest.c  >&5
conftest.c: In function 'main':
conftest.c:18: warning: incompatible implicit declaration of built-in function 'exit'
configure:5054: $? = 0
configure:5060: ./conftest
configure:5063: $? = 0
configure:5086: result: little
configure:5102: checking for ANSI C header files
configure:5132: g++ -c -g -O2  conftest.cpp >&5
configure:5138: $? = 0
configure:5237: g++ -o conftest -g -O2   conftest.cpp  >&5
configure:5240: $? = 0
configure:5246: ./conftest
configure:5249: $? = 0
configure:5266: result: yes
configure:5290: checking for sys/types.h
configure:5311: g++ -c -g -O2  conftest.cpp >&5
configure:5317: $? = 0
configure:5333: result: yes
configure:5290: checking for sys/stat.h
configure:5311: g++ -c -g -O2  conftest.cpp >&5
configure:5317: $? = 0
configure:5333: result: yes
configure:5290: checking for stdlib.h
configure:5311: g++ -c -g -O2  conftest.cpp >&5
configure:5317: $? = 0
configure:5333: result: yes
configure:5290: checking for string.h
configure:5311: g++ -c -g -O2  conftest.cpp >&5
configure:5317: $? = 0
configure:5333: result: yes
configure:5290: checking for memory.h
configure:5311: g++ -c -g -O2  conftest.cpp >&5
configure:5317: $? = 0
configure:5333: result: yes
configure:5290: checking for strings.h
configure:5311: g++ -c -g -O2  conftest.cpp >&5
configure:5317: $? = 0
configure:5333: result: yes
configure:5290: checking for inttypes.h
configure:5311: g++ -c -g -O2  conftest.cpp >&5
configure:5317: $? = 0
configure:5333: result: yes
configure:5290: checking for stdint.h
configure:5311: g++ -c -g -O2  conftest.cpp >&5
configure:5317: $? = 0
configure:5333: result: yes
configure:5290: checking for unistd.h
configure:5311: g++ -c -g -O2  conftest.cpp >&5
configure:5317: $? = 0
configure:5333: result: yes
configure:5350: checking for unistd.h
configure:5356: result: yes
configure:5488: checking for netcdf library
configure:5507: result: done
configure:5516: checking for convert
configure:5532: found /usr/bin/convert
configure:5544: result: yes
configure:5560: checking for ANSI C header files
configure:5724: result: yes
configure:5735: checking for poptReadConfigFile in -lpopt
configure:5770: g++ -o conftest -g -O2   conftest.cpp -lpopt   >&5
configure:5776: $? = 0
configure:5794: result: yes
configure:5818: checking for readline in -lreadline
configure:5853: g++ -o conftest -g -O2   conftest.cpp -lreadline   >&5
configure:5859: $? = 0
configure:5877: result: yes
configure:5889: checking for pid_t
configure:5919: g++ -c -g -O2  conftest.cpp >&5
configure:5925: $? = 0
configure:5940: result: yes
configure:5970: checking for isnan
configure:6026: g++ -o conftest -g -O2   conftest.cpp -lreadline  >&5
configure:6032: $? = 0
configure:6050: result: yes
configure:5970: checking for isinf
configure:6026: g++ -o conftest -g -O2   conftest.cpp -lreadline  >&5
configure:6032: $? = 0
configure:6050: result: yes
configure:5970: checking for acosh
configure:6026: g++ -o conftest -g -O2   conftest.cpp -lreadline  >&5
configure:6032: $? = 0
configure:6050: result: yes
configure:5970: checking for getcwd
configure:6026: g++ -o conftest -g -O2   conftest.cpp -lreadline  >&5
configure:6032: $? = 0
configure:6050: result: yes
configure:5970: checking for popen
configure:6026: g++ -o conftest -g -O2   conftest.cpp -lreadline  >&5
configure:6032: $? = 0
configure:6050: result: yes
configure:5970: checking for mkstemp
configure:6026: g++ -o conftest -g -O2   conftest.cpp -lreadline  >&5
configure:6032: $? = 0
configure:6050: result: yes
configure:5970: checking for tmpnam
configure:6026: g++ -o conftest -g -O2   conftest.cpp -lreadline  >&5
/tmp/ccWVUffV.o: In function `main':
/scratch/fox/SpecTcl/3.2/gri-2.12.20/conftest.cpp:64: warning: the use of `tmpnam' is dangerous, better use `mkstemp'
configure:6032: $? = 0
configure:6050: result: yes
configure:5970: checking for tempnam
configure:6026: g++ -o conftest -g -O2   conftest.cpp -lreadline  >&5
/tmp/cc4IXqR8.o: In function `main':
/scratch/fox/SpecTcl/3.2/gri-2.12.20/conftest.cpp:65: warning: the use of `tempnam' is dangerous, better use `mkstemp'
configure:6032: $? = 0
configure:6050: result: yes
configure:5970: checking for gethostname
configure:6026: g++ -o conftest -g -O2   conftest.cpp -lreadline  >&5
configure:6032: $? = 0
configure:6050: result: yes
configure:5970: checking for access
configure:6026: g++ -o conftest -g -O2   conftest.cpp -lreadline  >&5
configure:6032: $? = 0
configure:6050: result: yes
configure:5970: checking for lstat
configure:6026: g++ -o conftest -g -O2   conftest.cpp -lreadline  >&5
configure:6032: $? = 0
configure:6050: result: yes
configure:5970: checking for stat
configure:6026: g++ -o conftest -g -O2   conftest.cpp -lreadline  >&5
configure:6032: $? = 0
configure:6050: result: yes
configure:5970: checking for strerror
configure:6026: g++ -o conftest -g -O2   conftest.cpp -lreadline  >&5
configure:6032: $? = 0
configure:6050: result: yes
configure:6060: checking whether getenv is declared
configure:6089: g++ -c -g -O2  conftest.cpp >&5
configure:6095: $? = 0
configure:6110: result: yes
configure:6119: checking whether drand48 is declared
configure:6148: g++ -c -g -O2  conftest.cpp >&5
configure:6154: $? = 0
configure:6169: result: yes
configure:6554: creating ./config.status

## ---------------------- ##
## Running config.status. ##
## ---------------------- ##

This file was extended by gri config.status 2.12.20, which was
generated by GNU Autoconf 2.61.  Invocation command line was

  CONFIG_FILES    = 
  CONFIG_HEADERS  = 
  CONFIG_LINKS    = 
  CONFIG_COMMANDS = 
  $ ./config.status 

on bosley

config.status:665: creating Makefile
config.status:665: creating debian/Makefile
config.status:665: creating debian/source/Makefile
config.status:665: creating doc/Makefile
config.status:665: creating doc/examples/Makefile
config.status:665: creating doc/tst_suite/Makefile
config.status:665: creating doc/resources/Makefile
config.status:665: creating doc/screenshots/Makefile
config.status:665: creating src/Makefile
config.status:665: creating src/popt/Makefile
config.status:856: executing depfiles commands

## ---------------- ##
## Cache variables. ##
## ---------------- ##

ac_cv_build=i686-pc-linux-gnu
ac_cv_c_compiler_gnu=yes
ac_cv_cxx_compiler_gnu=yes
ac_cv_env_CCC_set=
ac_cv_env_CCC_value=
ac_cv_env_CC_set=
ac_cv_env_CC_value=
ac_cv_env_CFLAGS_set=
ac_cv_env_CFLAGS_value=
ac_cv_env_CPPFLAGS_set=
ac_cv_env_CPPFLAGS_value=
ac_cv_env_CXXCPP_set=
ac_cv_env_CXXCPP_value=
ac_cv_env_CXXFLAGS_set=
ac_cv_env_CXXFLAGS_value=
ac_cv_env_CXX_set=
ac_cv_env_CXX_value=
ac_cv_env_LDFLAGS_set=
ac_cv_env_LDFLAGS_value=
ac_cv_env_LIBS_set=
ac_cv_env_LIBS_value=
ac_cv_env_build_alias_set=
ac_cv_env_build_alias_value=
ac_cv_env_host_alias_set=
ac_cv_env_host_alias_value=
ac_cv_env_target_alias_set=
ac_cv_env_target_alias_value=
ac_cv_func_access=yes
ac_cv_func_acosh=yes
ac_cv_func_getcwd=yes
ac_cv_func_gethostname=yes
ac_cv_func_isinf=yes
ac_cv_func_isnan=yes
ac_cv_func_lstat=yes
ac_cv_func_mkstemp=yes
ac_cv_func_popen=yes
ac_cv_func_stat=yes
ac_cv_func_strerror=yes
ac_cv_func_tempnam=yes
ac_cv_func_tmpnam=yes
ac_cv_have_decl_drand48=yes
ac_cv_have_decl_getenv=yes
ac_cv_header_inttypes_h=yes
ac_cv_header_memory_h=yes
ac_cv_header_stdc=yes
ac_cv_header_stdint_h=yes
ac_cv_header_stdlib_h=yes
ac_cv_header_string_h=yes
ac_cv_header_strings_h=yes
ac_cv_header_sys_stat_h=yes
ac_cv_header_sys_types_h=yes
ac_cv_header_unistd_h=yes
ac_cv_host=i686-pc-linux-gnu
ac_cv_lib_popt_poptReadConfigFile=yes
ac_cv_lib_readline_readline=yes
ac_cv_objext=o
ac_cv_path_EGREP='/bin/grep -E'
ac_cv_path_GREP=/bin/grep
ac_cv_path_install='/usr/bin/install -c'
ac_cv_path_mkdir=/bin/mkdir
ac_cv_prog_AWK=gawk
ac_cv_prog_CXXCPP='g++ -E'
ac_cv_prog_HAVE_CONVERT=yes
ac_cv_prog_ac_ct_CC=gcc
ac_cv_prog_ac_ct_CXX=g++
ac_cv_prog_ac_ct_RANLIB=ranlib
ac_cv_prog_cc_c89=
ac_cv_prog_cc_g=yes
ac_cv_prog_cxx_g=yes
ac_cv_prog_make_make_set=yes
ac_cv_type_pid_t=yes
am_cv_CC_dependencies_compiler_type=gcc3
am_cv_CXX_dependencies_compiler_type=gcc3
gri_cv_endian_type=little
gri_cv_have_old_string=no
gri_cv_is_aix_with_ibm=no
gri_cv_is_beos=no
gri_cv_is_dec_alpha=no
gri_cv_is_deccxx=no
gri_cv_is_freebsd=no
gri_cv_is_hpux=no
gri_cv_is_mingw32=no
gri_cv_is_netbsd=no
gri_cv_is_openbsd=no
gri_cv_is_sun=no

## ----------------- ##
## Output variables. ##
## ----------------- ##

ACLOCAL='${SHELL} /scratch/fox/SpecTcl/3.2/gri-2.12.20/missing --run aclocal-1.10'
AMDEPBACKSLASH='\'
AMDEP_FALSE='#'
AMDEP_TRUE=''
AMTAR='${SHELL} /scratch/fox/SpecTcl/3.2/gri-2.12.20/missing --run tar'
AM_CXXFLAGS=' -Wall -DCPLUSPLUSNEW -fno-strength-reduce'
AUTOCONF='${SHELL} /scratch/fox/SpecTcl/3.2/gri-2.12.20/missing --run autoconf'
AUTOHEADER='${SHELL} /scratch/fox/SpecTcl/3.2/gri-2.12.20/missing --run autoheader'
AUTOMAKE='${SHELL} /scratch/fox/SpecTcl/3.2/gri-2.12.20/missing --run automake-1.10'
AWK='gawk'
CC='gcc'
CCDEPMODE='depmode=gcc3'
CFLAGS='-g -O2'
CPPFLAGS=''
CXX='g++'
CXXCPP='g++ -E'
CXXDEPMODE='depmode=gcc3'
CXXFLAGS='-g -O2'
CYGPATH_W='echo'
DEFS='-DPACKAGE_NAME=\"gri\" -DPACKAGE_TARNAME=\"gri\" -DPACKAGE_VERSION=\"2.12.20\" -DPACKAGE_STRING=\"gri\ 2.12.20\" -DPACKAGE_BUGREPORT=\"\" -DPACKAGE=\"gri\" -DVERSION=\"2.12.20\" -DGRI_IS_BIG_ENDIAN=0 -DSTDC_HEADERS=1 -DHAVE_SYS_TYPES_H=1 -DHAVE_SYS_STAT_H=1 -DHAVE_STDLIB_H=1 -DHAVE_STRING_H=1 -DHAVE_MEMORY_H=1 -DHAVE_STRINGS_H=1 -DHAVE_INTTYPES_H=1 -DHAVE_STDINT_H=1 -DHAVE_UNISTD_H=1 -DHAVE_UNISTD_H=1 -DSTDC_HEADERS=1 -DHAVE_LIBREADLINE=1 -DHAVE_ISNAN=1 -DHAVE_ISINF=1 -DHAVE_ACOSH=1 -DHAVE_GETCWD=1 -DHAVE_POPEN=1 -DHAVE_MKSTEMP=1 -DHAVE_TMPNAM=1 -DHAVE_TEMPNAM=1 -DHAVE_GETHOSTNAME=1 -DHAVE_ACCESS=1 -DHAVE_LSTAT=1 -DHAVE_STAT=1 -DHAVE_STRERROR=1 -DHAVE_GETENV=1 -DHAVE_DRAND48=1'
DEPDIR='.deps'
ECHO_C=''
ECHO_N='-n'
ECHO_T=''
EGREP='/bin/grep -E'
EXEEXT=''
EXTRA_CFLAGS_TEMPLATE=' -Wall'
GREP='/bin/grep'
HAVE_CONVERT='yes'
INSTALL_DATA='${INSTALL} -m 644'
INSTALL_PROGRAM='${INSTALL}'
INSTALL_SCRIPT='${INSTALL}'
INSTALL_STRIP_PROGRAM='$(install_sh) -c -s'
LDFLAGS=''
LIBOBJS=''
LIBS='-lreadline '
LTLIBOBJS=''
MAKEINFO='${SHELL} /scratch/fox/SpecTcl/3.2/gri-2.12.20/missing --run makeinfo'
OBJEXT='o'
OS_HAS_POPT_FALSE='#'
OS_HAS_POPT_TRUE=''
OS_IS_APPLE_OSX_FALSE=''
OS_IS_APPLE_OSX_TRUE='#'
OS_IS_FINK_FALSE=''
OS_IS_FINK_TRUE='#'
OS_IS_FREEBSD_FALSE=''
OS_IS_FREEBSD_TRUE='#'
OS_IS_LINUX_DEBIAN_FALSE=''
OS_IS_LINUX_DEBIAN_TRUE='#'
OS_IS_LINUX_REDHAT_FALSE=''
OS_IS_LINUX_REDHAT_TRUE='#'
OS_IS_OSX_BUNDLE_FALSE=''
OS_IS_OSX_BUNDLE_TRUE='#'
OS_IS_SOLARIS_FALSE=''
OS_IS_SOLARIS_TRUE='#'
PACKAGE='gri'
PACKAGE_BUGREPORT=''
PACKAGE_NAME='gri'
PACKAGE_STRING='gri 2.12.20'
PACKAGE_TARNAME='gri'
PACKAGE_VERSION='2.12.20'
PATH_SEPARATOR=':'
PROGS='gri'
RANLIB='ranlib'
SET_MAKE=''
SHELL='/bin/sh'
STRIP=''
VERSION='2.12.20'
ac_ct_CC='gcc'
ac_ct_CXX='g++'
am__fastdepCC_FALSE='#'
am__fastdepCC_TRUE=''
am__fastdepCXX_FALSE='#'
am__fastdepCXX_TRUE=''
am__include='include'
am__isrc=''
am__leading_dot='.'
am__quote=''
am__tar='${AMTAR} chof - "$$tardir"'
am__untar='${AMTAR} xf -'
bindir='${exec_prefix}/bin'
build='i686-pc-linux-gnu'
build_alias=''
build_cpu='i686'
build_os='linux-gnu'
build_vendor='pc'
datadir='${datarootdir}'
datarootdir='${prefix}/share'
docdir='${datarootdir}/doc/${PACKAGE_TARNAME}'
dvidir='${docdir}'
exec_prefix='${prefix}'
host='i686-pc-linux-gnu'
host_alias=''
host_cpu='i686'
host_os='linux-gnu'
host_vendor='pc'
htmldir='${docdir}'
includedir='${prefix}/include'
infodir='${datarootdir}/info'
install_sh='$(SHELL) /scratch/fox/SpecTcl/3.2/gri-2.12.20/install-sh'
libdir='${exec_prefix}/lib'
libexecdir='${exec_prefix}/libexec'
localedir='${datarootdir}/locale'
localstatedir='${prefix}/var'
mandir='${datarootdir}/man'
mkdir_p='/bin/mkdir -p'
oldincludedir='/usr/include'
pdfdir='${docdir}'
prefix='/usr/local'
program_transform_name='s,x,x,'
psdir='${docdir}'
sbindir='${exec_prefix}/sbin'
sharedstatedir='${prefix}/com'
sysconfdir='${prefix}/etc'
target_alias=''

## ----------- ##
## confdefs.h. ##
## ----------- ##

#define PACKAGE_NAME "gri"
#define PACKAGE_TARNAME "gri"
#define PACKAGE_VERSION "2.12.20"
#define PACKAGE_STRING "gri 2.12.20"
#define PACKAGE_BUGREPORT ""
#define PACKAGE "gri"
#define VERSION "2.12.20"
#define GRI_IS_BIG_ENDIAN 0
#define STDC_HEADERS 1
#define HAVE_SYS_TYPES_H 1
#define HAVE_SYS_STAT_H 1
#define HAVE_STDLIB_H 1
#define HAVE_STRING_H 1
#define HAVE_MEMORY_H 1
#define HAVE_STRINGS_H 1
#define HAVE_INTTYPES_H 1
#define HAVE_STDINT_H 1
#define HAVE_UNISTD_H 1
#define HAVE_UNISTD_H 1
#define STDC_HEADERS 1
#define HAVE_LIBREADLINE 1
#define HAVE_ISNAN 1
#define HAVE_ISINF 1
#define HAVE_ACOSH 1
#define HAVE_GETCWD 1
#define HAVE_POPEN 1
#define HAVE_MKSTEMP 1
#define HAVE_TMPNAM 1
#define HAVE_TEMPNAM 1
#define HAVE_GETHOSTNAME 1
#define HAVE_ACCESS 1
#define HAVE_LSTAT 1
#define HAVE_STAT 1
#define HAVE_STRERROR 1
#define HAVE_GETENV 1
#define HAVE_DRAND48 1

configure: exit 0
