This file contains any messages produced by compilers while
running configure, to aid debugging if configure makes a mistake.

configure:557: checking for a BSD compatible install
configure:618: checking for gcc
configure:731: checking whether the C compiler (gcc  ) works
configure:747: gcc -o conftest    conftest.c  1>&5
configure:773: checking whether the C compiler (gcc  ) is a cross-compiler
configure:778: checking whether we are using GNU C
configure:787: gcc -E conftest.c
configure:806: checking whether gcc accepts -g
configure:842: checking for c++
configure:874: checking whether the C++ compiler (c++  ) works
configure:890: c++ -o conftest    conftest.C  1>&5
configure:916: checking whether the C++ compiler (c++  ) is a cross-compiler
configure:921: checking whether we are using GNU C++
configure:930: c++ -E conftest.C
configure:949: checking whether c++ accepts -g
configure:998: gcc -c -g -O2  conftest.c 1>&5
configure:1015: gcc -c -g -O2  conftest.c 1>&5
configure:1032: checking how to run the C++ preprocessor
configure:1050: c++ -E  conftest.C >/dev/null 2>conftest.out
configure:1083: checking for old C++ subroutine called string::remove
configure:1102: c++ -c -g -O2  conftest.C 1>&5
configure: In function `int main()':
configure:1097: no matching function for call to `basic_string<char,string_char_traits<char>,__default_alloc_template<false,0> >::remove (int, int)'
configure: failed program was:
#line 1089 "configure"
#include "confdefs.h"

#define _POSIX_SOURCE 1
#include <string>

int main() {

string s("hi");
s.remove(0,1);

; return 0; }
configure:1125: checking for gcc compiler
configure:1156: checking for DEC cxx compiler
configure:1189: checking for for apple computer
configure:1225: checking for DEC alpha computer
